Build started 17/02/2020 20:00:43.
     1>Project "C:\opensmile\ide\vs10\openSmile.vcxproj" on node 3 (build target(s)).
     1>InitializeBuildStatus:
         Creating "Release\SMILExtract.unsuccessfulbuild" because "AlwaysCreate" was specified.
       ClCompile:
         All outputs are up-to-date.
       ManifestResourceCompile:
         All outputs are up-to-date.
     1>C:\Program Files (x86)\MSBuild\Microsoft.Cpp\v4.0\Microsoft.CppBuild.targets(990,5): warning MSB8012: TargetPath(C:\opensmile\ide\vs10\Release\SMILExtract_Release.exe) does not match the Linker's OutputFile property value (C:\msvcbuild\SMILExtract_Release.exe). This may cause your project to build incorrectly. To correct this, please make sure that $(OutDir), $(TargetName) and $(TargetExt) property values match the value specified in %(Link.OutputFile).
       Link:
         C:\Program Files (x86)\Microsoft Visual Studio 10.0\VC\bin\link.exe /ERRORREPORT:PROMPT /OUT:"..\..\..\msvcbuild\SMILExtract_Release.exe" /INCREMENTAL /NOLOGO kernel32.lib user32.lib gdi32.lib winspool.lib comdlg32.lib advapi32.lib shell32.lib ole32.lib oleaut32.lib uuid.lib odbc32.lib odbccp32.lib /MANIFEST /ManifestFile:"Release\SMILExtract_Release.exe.intermediate.manifest" /MANIFESTUAC:"level='asInvoker' uiAccess='false'" /DEBUG /PDB:"C:\opensmile\ide\vs10\Release\SMILExtract_Release.pdb" /SUBSYSTEM:CONSOLE /OPT:REF /OPT:ICF /TLBID:1 /DYNAMICBASE /NXCOMPAT /IMPLIB:"Release\SMILExtract_Release.lib" /MACHINE:X86 Release\SMILExtract_Release.exe.embed.manifest.res
         Release\SMILExtract.obj
         C:\msvcbuild\openSmileLib_Release.lib
     1>LINK : warning LNK4075: ignoring '/INCREMENTAL' due to '/OPT:ICF' specification
       Manifest:
         C:\Program Files (x86)\Microsoft SDKs\Windows\v7.0A\bin\mt.exe /nologo /verbose /out:"Release\SMILExtract_Release.exe.embed.manifest" /manifest Release\SMILExtract_Release.exe.intermediate.manifest
         All outputs are up-to-date.
       LinkEmbedManifest:
         All outputs are up-to-date.
         openSmile.vcxproj -> C:\opensmile\ide\vs10\Release\SMILExtract_Release.exe
       FinalizeBuildStatus:
         Deleting file "Release\SMILExtract.unsuccessfulbuild".
         Touching "Release\SMILExtract.lastbuildstate".
     1>Done Building Project "C:\opensmile\ide\vs10\openSmile.vcxproj" (build target(s)).

Build succeeded.

Time Elapsed 00:00:00.28
