C:\opensmile\ide\vs10\Release\cl.command.1.tlog
C:\opensmile\ide\vs10\Release\CL.read.1.tlog
C:\opensmile\ide\vs10\Release\CL.write.1.tlog
C:\opensmile\ide\vs10\Release\lib.command.1.tlog
C:\opensmile\ide\vs10\Release\Lib-link.read.1.tlog
C:\opensmile\ide\vs10\Release\Lib-link.write.1.tlog
C:\OPENSMILE\IDE\VS10\RELEASE\LIBSVMLIVESINK.OBJ
C:\OPENSMILE\IDE\VS10\RELEASE\OPENSMILELIBCLASSIF.LIB
C:\OPENSMILE\IDE\VS10\RELEASE\OPENSMILELIBLIBSVM.LIB
C:\OPENSMILE\IDE\VS10\RELEASE\OPENSMILELIBPORTAUDIO.LIB
C:\OPENSMILE\IDE\VS10\RELEASE\PORTAUDIODUPLEX.OBJ
C:\OPENSMILE\IDE\VS10\RELEASE\PORTAUDIOSINK.OBJ
C:\OPENSMILE\IDE\VS10\RELEASE\PORTAUDIOSOURCE.OBJ
C:\OPENSMILE\IDE\VS10\RELEASE\PORTAUDIOWAVPLAYER.OBJ
C:\OPENSMILE\IDE\VS10\RELEASE\RNN.OBJ
C:\OPENSMILE\IDE\VS10\RELEASE\RNNPROCESSOR.OBJ
C:\OPENSMILE\IDE\VS10\RELEASE\RNNSINK.OBJ
C:\OPENSMILE\IDE\VS10\RELEASE\RNNVAD2.OBJ
C:\OPENSMILE\IDE\VS10\RELEASE\SVM.OBJ
C:\OPENSMILE\IDE\VS10\RELEASE\SVMSINK.OBJ
C:\OPENSMILE\IDE\VS10\RELEASE\VC100.PDB
